@adt/adt_sdcc_iy.lst
@alloc/alloc_sdcc_iy.lst
@compress/compress_sdcc_iy.lst
@ctype/ctype_sdcc_iy.lst
@drivers/drivers.lst
@error/error.lst
@fcntl/fcntl_sdcc_iy.lst
@font/font_4x8/fonts.lst
@font/font_8x8/fonts.lst
@font/fzx/fzx_sdcc_iy.lst
@im2/im2_sdcc.lst
@inttypes/inttypes_sdcc_iy.lst
@l/l.lst
@l/sdcc.lst
@locale/locale.lst
@math/math_integer.lst
@math/math_float_sdcc_iy.lst
@setjmp/setjmp_sdcc_iy.lst
@stdio/stdio_sdcc_iy.lst
@stdlib/stdlib_sdcc_iy.lst
@string/string_sdcc_iy.lst
@threads/threads_sdcc_iy.lst
@z80/z80_sdcc.lst

@target/zalt/_zalt_target.lst
