--------------- Build Started: 03/25/2019 17:50:35 Project: IsaBusAdapter, Configuration: ARM GCC 5.4-2016-q2-update Debug ---------------
cydsfit.exe -.appdatapath "C:\Users\marc\AppData\Local\Cypress Semiconductor\PSoC Creator\4.2" -.fdsnotice -.fdswarpdepfile=warp_dependencies.txt -.fdselabdepfile=elab_dependencies.txt -.fdsbldfile=generated_files.txt -.fdsreffile=referenced_files.txt -p C:\Users\marc\Documents\MyProjects\Zalt\Zalt\ZaltToISA\Source\BusAdapter\IsaBusAdapter\IsaBusAdapter.cydsn\IsaBusAdapter.cyprj -d CY8C5888LTI-LP097 -s C:\Users\marc\Documents\MyProjects\Zalt\Zalt\ZaltToISA\Source\BusAdapter\IsaBusAdapter\IsaBusAdapter.cydsn\Generated_Source\PSoC5 -- -yv2 -q10 -ygs -o2 -v3 -.fftcfgtype=LE
Elaborating Design...
HDL Generation...
Synthesis...
Tech Mapping...
Analog Placement...
Analog Routing...
Analog Code Generation...
Digital Placement...
Digital Routing...
Bitstream Generation...
Bitstream Verification...
Static timing analysis...
API Generation...
Info: fit.M0045: Generation of disabled sheet defines resulted in name collisions or name changes due to a sheet name not being a valid C identifier. The following names were changed to avoid the collision(s)/illegal names: Isa Bus, Zalt Bus, Bus Ctrl.
Dependency Generation...
Cleanup...
arm-none-eabi-gcc.exe -mcpu=cortex-m3 -mthumb -I. -IGenerated_Source\PSoC5 -Wa,-alh=.\CortexM3\ARM_GCC_541\Debug/cyfitter_cfg.lst -g -D DEBUG -D CY_CORE_ID=0 -Wall -ffunction-sections -ffat-lto-objects -Og -c Generated_Source\PSoC5\cyfitter_cfg.c -o .\CortexM3\ARM_GCC_541\Debug\cyfitter_cfg.o
arm-none-eabi-gcc.exe -mcpu=cortex-m3 -mthumb -I. -IGenerated_Source\PSoC5 -Wa,-alh=.\CortexM3\ARM_GCC_541\Debug/cymetadata.lst -g -D DEBUG -D CY_CORE_ID=0 -Wall -ffunction-sections -ffat-lto-objects -Og -c Generated_Source\PSoC5\cymetadata.c -o .\CortexM3\ARM_GCC_541\Debug\cymetadata.o
arm-none-eabi-ar.exe -rs .\CortexM3\ARM_GCC_541\Debug\IsaBusAdapter.a .\CortexM3\ARM_GCC_541\Debug\LED.o .\CortexM3\ARM_GCC_541\Debug\Btn.o .\CortexM3\ARM_GCC_541\Debug\cy_em_eeprom.o .\CortexM3\ARM_GCC_541\Debug\CyDmac.o .\CortexM3\ARM_GCC_541\Debug\CyFlash.o .\CortexM3\ARM_GCC_541\Debug\CyLib.o .\CortexM3\ARM_GCC_541\Debug\cyPm.o .\CortexM3\ARM_GCC_541\Debug\CySpc.o .\CortexM3\ARM_GCC_541\Debug\cyutils.o .\CortexM3\ARM_GCC_541\Debug\CyBootAsmGnu.o
arm-none-eabi-ar.exe: creating .\CortexM3\ARM_GCC_541\Debug\IsaBusAdapter.a
arm-none-eabi-gcc.exe -Wl,--start-group -o C:\Users\marc\Documents\MyProjects\Zalt\Zalt\ZaltToISA\Source\BusAdapter\IsaBusAdapter\IsaBusAdapter.cydsn\CortexM3\ARM_GCC_541\Debug\IsaBusAdapter.elf .\CortexM3\ARM_GCC_541\Debug\main.o .\CortexM3\ARM_GCC_541\Debug\cyfitter_cfg.o .\CortexM3\ARM_GCC_541\Debug\cymetadata.o .\CortexM3\ARM_GCC_541\Debug\Cm3Start.o .\CortexM3\ARM_GCC_541\Debug\IsaBusAdapter.a "C:\Program Files (x86)\Cypress\PSoC Creator\4.2\PSoC Creator\psoc\content\cycomponentlibrary\CyComponentLibrary.cylib\CortexM3\ARM_GCC_541\Debug\CyComponentLibrary.a" -mcpu=cortex-m3 -mthumb -L Generated_Source\PSoC5 -Wl,-Map,.\CortexM3\ARM_GCC_541\Debug/IsaBusAdapter.map -T Generated_Source\PSoC5\cm3gcc.ld -specs=nano.specs -Wl,--gc-sections -g -ffunction-sections -Og -ffat-lto-objects -Wl,--end-group
cyelftool.exe -C C:\Users\marc\Documents\MyProjects\Zalt\Zalt\ZaltToISA\Source\BusAdapter\IsaBusAdapter\IsaBusAdapter.cydsn\CortexM3\ARM_GCC_541\Debug\IsaBusAdapter.elf --flash_row_size 256 --flash_size 262144 --flash_offset 0x00000000
No ELF section .cychecksum found, creating one
Application checksum calculated and stored in ELF section .cychecksum
Checksum calculated and stored in ELF section .cymeta
cyelftool.exe -S C:\Users\marc\Documents\MyProjects\Zalt\Zalt\ZaltToISA\Source\BusAdapter\IsaBusAdapter\IsaBusAdapter.cydsn\CortexM3\ARM_GCC_541\Debug\IsaBusAdapter.elf
Flash used: 1198 of 262144 bytes (0,5%).
SRAM used: 2505 of 65536 bytes (3,8%). Stack: 2048 bytes. Heap: 128 bytes.
--------------- Build Succeeded: 03/25/2019 17:50:46 ---------------
