Analysis & Synthesis report for SystemLogic
Sun Jan 06 08:27:30 2019
Quartus II 64-Bit Version 15.0.0 Build 145 04/22/2015 SJ Web Edition


---------------------
; Table of Contents ;
---------------------
  1. Legal Notice
  2. Analysis & Synthesis Summary
  3. Analysis & Synthesis Settings
  4. Parallel Compilation
  5. Analysis & Synthesis Source Files Read
  6. Analysis & Synthesis Resource Usage Summary
  7. Analysis & Synthesis Resource Utilization by Entity
  8. General Register Statistics
  9. Analysis & Synthesis Messages



----------------
; Legal Notice ;
----------------
Copyright (C) 1991-2015 Altera Corporation. All rights reserved.
Your use of Altera Corporation's design tools, logic functions 
and other software and tools, and its AMPP partner logic 
functions, and any output files from any of the foregoing 
(including device programming or simulation files), and any 
associated documentation or information are expressly subject 
to the terms and conditions of the Altera Program License 
Subscription Agreement, the Altera Quartus II License Agreement,
the Altera MegaCore Function License Agreement, or other 
applicable license agreement, including, without limitation, 
that your use is for the sole purpose of programming logic 
devices manufactured by Altera and sold by Altera or its 
authorized distributors.  Please refer to the applicable 
agreement for further details.



+--------------------------------------------------------------------------+
; Analysis & Synthesis Summary                                             ;
+-----------------------------+--------------------------------------------+
; Analysis & Synthesis Status ; Successful - Sun Jan 06 08:27:30 2019      ;
; Quartus II 64-Bit Version   ; 15.0.0 Build 145 04/22/2015 SJ Web Edition ;
; Revision Name               ; SystemLogic                                ;
; Top-level Entity Name       ; SystemLogic                                ;
; Family                      ; MAX II                                     ;
; Total logic elements        ; 13                                         ;
; Total pins                  ; 80                                         ;
; Total virtual pins          ; 0                                          ;
; UFM blocks                  ; 0 / 1 ( 0 % )                              ;
+-----------------------------+--------------------------------------------+


+----------------------------------------------------------------------------------------------------------------------+
; Analysis & Synthesis Settings                                                                                        ;
+----------------------------------------------------------------------------+--------------------+--------------------+
; Option                                                                     ; Setting            ; Default Value      ;
+----------------------------------------------------------------------------+--------------------+--------------------+
; Device                                                                     ; EPM240T100C5       ;                    ;
; Top-level entity name                                                      ; SystemLogic        ; SystemLogic        ;
; Family name                                                                ; MAX II             ; Cyclone V          ;
; Use smart compilation                                                      ; Off                ; Off                ;
; Enable parallel Assembler and TimeQuest Timing Analyzer during compilation ; On                 ; On                 ;
; Enable compact report table                                                ; Off                ; Off                ;
; Restructure Multiplexers                                                   ; Auto               ; Auto               ;
; Create Debugging Nodes for IP Cores                                        ; Off                ; Off                ;
; Preserve fewer node names                                                  ; On                 ; On                 ;
; Disable OpenCore Plus hardware evaluation                                  ; Off                ; Off                ;
; Verilog Version                                                            ; Verilog_2001       ; Verilog_2001       ;
; VHDL Version                                                               ; VHDL_1993          ; VHDL_1993          ;
; State Machine Processing                                                   ; Auto               ; Auto               ;
; Safe State Machine                                                         ; Off                ; Off                ;
; Extract Verilog State Machines                                             ; On                 ; On                 ;
; Extract VHDL State Machines                                                ; On                 ; On                 ;
; Ignore Verilog initial constructs                                          ; Off                ; Off                ;
; Iteration limit for constant Verilog loops                                 ; 5000               ; 5000               ;
; Iteration limit for non-constant Verilog loops                             ; 250                ; 250                ;
; Add Pass-Through Logic to Inferred RAMs                                    ; On                 ; On                 ;
; Infer RAMs from Raw Logic                                                  ; On                 ; On                 ;
; Parallel Synthesis                                                         ; On                 ; On                 ;
; NOT Gate Push-Back                                                         ; On                 ; On                 ;
; Power-Up Don't Care                                                        ; On                 ; On                 ;
; Remove Redundant Logic Cells                                               ; Off                ; Off                ;
; Remove Duplicate Registers                                                 ; On                 ; On                 ;
; Ignore CARRY Buffers                                                       ; Off                ; Off                ;
; Ignore CASCADE Buffers                                                     ; Off                ; Off                ;
; Ignore GLOBAL Buffers                                                      ; Off                ; Off                ;
; Ignore ROW GLOBAL Buffers                                                  ; Off                ; Off                ;
; Ignore LCELL Buffers                                                       ; Off                ; Off                ;
; Ignore SOFT Buffers                                                        ; On                 ; On                 ;
; Limit AHDL Integers to 32 Bits                                             ; Off                ; Off                ;
; Optimization Technique                                                     ; Balanced           ; Balanced           ;
; Carry Chain Length                                                         ; 70                 ; 70                 ;
; Auto Carry Chains                                                          ; On                 ; On                 ;
; Auto Open-Drain Pins                                                       ; On                 ; On                 ;
; Perform WYSIWYG Primitive Resynthesis                                      ; Off                ; Off                ;
; Auto Shift Register Replacement                                            ; Auto               ; Auto               ;
; Allow Shift Register Merging across Hierarchies                            ; Auto               ; Auto               ;
; Auto Clock Enable Replacement                                              ; On                 ; On                 ;
; Allow Synchronous Control Signals                                          ; On                 ; On                 ;
; Force Use of Synchronous Clear Signals                                     ; Off                ; Off                ;
; Auto Resource Sharing                                                      ; Off                ; Off                ;
; Use LogicLock Constraints during Resource Balancing                        ; On                 ; On                 ;
; Ignore translate_off and synthesis_off directives                          ; Off                ; Off                ;
; Report Parameter Settings                                                  ; On                 ; On                 ;
; Report Source Assignments                                                  ; On                 ; On                 ;
; Report Connectivity Checks                                                 ; On                 ; On                 ;
; Ignore Maximum Fan-Out Assignments                                         ; Off                ; Off                ;
; Synchronization Register Chain Length                                      ; 2                  ; 2                  ;
; PowerPlay Power Optimization During Synthesis                              ; Normal compilation ; Normal compilation ;
; HDL message level                                                          ; Level2             ; Level2             ;
; Suppress Register Optimization Related Messages                            ; Off                ; Off                ;
; Number of Removed Registers Reported in Synthesis Report                   ; 5000               ; 5000               ;
; Number of Swept Nodes Reported in Synthesis Report                         ; 5000               ; 5000               ;
; Number of Inverted Registers Reported in Synthesis Report                  ; 100                ; 100                ;
; Clock MUX Protection                                                       ; On                 ; On                 ;
; Block Design Naming                                                        ; Auto               ; Auto               ;
; Synthesis Effort                                                           ; Auto               ; Auto               ;
; Shift Register Replacement - Allow Asynchronous Clear Signal               ; On                 ; On                 ;
; Analysis & Synthesis Message Level                                         ; Medium             ; Medium             ;
; Disable Register Merging Across Hierarchies                                ; Auto               ; Auto               ;
; Synthesis Seed                                                             ; 1                  ; 1                  ;
+----------------------------------------------------------------------------+--------------------+--------------------+


Parallel compilation was disabled, but you have multiple processors available. Enable parallel compilation to reduce compilation time.
+-------------------------------------+
; Parallel Compilation                ;
+----------------------------+--------+
; Processors                 ; Number ;
+----------------------------+--------+
; Number detected on machine ; 8      ;
; Maximum allowed            ; 1      ;
+----------------------------+--------+


+-------------------------------------------------------------------------------------------------------------------------------------------------------------------------------------------+
; Analysis & Synthesis Source Files Read                                                                                                                                                    ;
+----------------------------------+-----------------+-----------------+----------------------------------------------------------------------------------------------------------+---------+
; File Name with User-Entered Path ; Used in Netlist ; File Type       ; File Name with Absolute Path                                                                             ; Library ;
+----------------------------------+-----------------+-----------------+----------------------------------------------------------------------------------------------------------+---------+
; SystemLogic.vhd                  ; yes             ; User VHDL File  ; C:/Users/marc/Documents/MyProjects/Zalt/Zalt/Decoder Board v1.0 - locked/Quartus 15/SystemLogic.vhd      ;         ;
; MemoryController.vhd             ; yes             ; User VHDL File  ; C:/Users/marc/Documents/MyProjects/Zalt/Zalt/Decoder Board v1.0 - locked/Quartus 15/MemoryController.vhd ;         ;
; MemoryDecoder.vhd                ; yes             ; User VHDL File  ; C:/Users/marc/Documents/MyProjects/Zalt/Zalt/Decoder Board v1.0 - locked/Quartus 15/MemoryDecoder.vhd    ;         ;
+----------------------------------+-----------------+-----------------+----------------------------------------------------------------------------------------------------------+---------+


+----------------------------------------------------------------------------------+
; Analysis & Synthesis Resource Usage Summary                                      ;
+---------------------------------------------+------------------------------------+
; Resource                                    ; Usage                              ;
+---------------------------------------------+------------------------------------+
; Total logic elements                        ; 13                                 ;
;     -- Combinational with no register       ; 13                                 ;
;     -- Register only                        ; 0                                  ;
;     -- Combinational with a register        ; 0                                  ;
;                                             ;                                    ;
; Logic element usage by number of LUT inputs ;                                    ;
;     -- 4 input functions                    ; 5                                  ;
;     -- 3 input functions                    ; 6                                  ;
;     -- 2 input functions                    ; 2                                  ;
;     -- 1 input functions                    ; 0                                  ;
;     -- 0 input functions                    ; 0                                  ;
;                                             ;                                    ;
; Logic elements by mode                      ;                                    ;
;     -- normal mode                          ; 13                                 ;
;     -- arithmetic mode                      ; 0                                  ;
;     -- qfbk mode                            ; 0                                  ;
;     -- register cascade mode                ; 0                                  ;
;     -- synchronous clear/load mode          ; 0                                  ;
;     -- asynchronous clear/load mode         ; 0                                  ;
;                                             ;                                    ;
; Total registers                             ; 0                                  ;
; I/O pins                                    ; 80                                 ;
; Maximum fan-out node                        ; MemoryDecoder:memoryDecoder|nMBE~4 ;
; Maximum fan-out                             ; 4                                  ;
; Total fan-out                               ; 53                                 ;
; Average fan-out                             ; 0.57                               ;
+---------------------------------------------+------------------------------------+


+-------------------------------------------------------------------------------------------------------------------------------------------------------------------------------------------------------------------------------------------------+
; Analysis & Synthesis Resource Utilization by Entity                                                                                                                                                                                             ;
+----------------------------------+-------------+--------------+------------+------+--------------+--------------+-------------------+------------------+-----------------+------------+------------------------------------------+--------------+
; Compilation Hierarchy Node       ; Logic Cells ; LC Registers ; UFM Blocks ; Pins ; Virtual Pins ; LUT-Only LCs ; Register-Only LCs ; LUT/Register LCs ; Carry Chain LCs ; Packed LCs ; Full Hierarchy Name                      ; Library Name ;
+----------------------------------+-------------+--------------+------------+------+--------------+--------------+-------------------+------------------+-----------------+------------+------------------------------------------+--------------+
; |SystemLogic                     ; 13 (0)      ; 0            ; 0          ; 80   ; 0            ; 13 (0)       ; 0 (0)             ; 0 (0)            ; 0 (0)           ; 0 (0)      ; |SystemLogic                             ; work         ;
;    |MemoryController:memoryCtrl| ; 8 (8)       ; 0            ; 0          ; 0    ; 0            ; 8 (8)        ; 0 (0)             ; 0 (0)            ; 0 (0)           ; 0 (0)      ; |SystemLogic|MemoryController:memoryCtrl ; work         ;
;    |MemoryDecoder:memoryDecoder| ; 5 (5)       ; 0            ; 0          ; 0    ; 0            ; 5 (5)        ; 0 (0)             ; 0 (0)            ; 0 (0)           ; 0 (0)      ; |SystemLogic|MemoryDecoder:memoryDecoder ; work         ;
+----------------------------------+-------------+--------------+------------+------+--------------+--------------+-------------------+------------------+-----------------+------------+------------------------------------------+--------------+
Note: For table entries with two numbers listed, the numbers in parentheses indicate the number of resources of the given type used by the specific entity alone. The numbers listed outside of parentheses indicate the total resources of the given type used by the specific entity and all of its sub-entities in the hierarchy.


+------------------------------------------------------+
; General Register Statistics                          ;
+----------------------------------------------+-------+
; Statistic                                    ; Value ;
+----------------------------------------------+-------+
; Total registers                              ; 0     ;
; Number of registers using Synchronous Clear  ; 0     ;
; Number of registers using Synchronous Load   ; 0     ;
; Number of registers using Asynchronous Clear ; 0     ;
; Number of registers using Asynchronous Load  ; 0     ;
; Number of registers using Clock Enable       ; 0     ;
; Number of registers using Preset             ; 0     ;
+----------------------------------------------+-------+


+-------------------------------+
; Analysis & Synthesis Messages ;
+-------------------------------+
Info: *******************************************************************
Info: Running Quartus II 64-Bit Analysis & Synthesis
    Info: Version 15.0.0 Build 145 04/22/2015 SJ Web Edition
    Info: Processing started: Sun Jan 06 08:27:17 2019
Info: Command: quartus_map --read_settings_files=on --write_settings_files=off SystemLogic -c SystemLogic
Warning (20028): Parallel compilation is not licensed and has been disabled
Info (12021): Found 2 design units, including 1 entities, in source file systemlogic.vhd
    Info (12022): Found design unit 1: SystemLogic-SystemLogic_rtl
    Info (12023): Found entity 1: SystemLogic
Info (12021): Found 2 design units, including 1 entities, in source file memorycontroller.vhd
    Info (12022): Found design unit 1: MemoryController-MemoryController_rtl
    Info (12023): Found entity 1: MemoryController
Info (12021): Found 2 design units, including 1 entities, in source file memorydecoder.vhd
    Info (12022): Found design unit 1: MemoryDecoder-MemoryDecoder_rtl
    Info (12023): Found entity 1: MemoryDecoder
Info (12021): Found 2 design units, including 1 entities, in source file testmemorydecoder.vhd
    Info (12022): Found design unit 1: TestMemoryDecoder-TestMemoryDecoder_rtl
    Info (12023): Found entity 1: TestMemoryDecoder
Info (12127): Elaborating entity "SystemLogic" for the top level hierarchy
Warning (10540): VHDL Signal Declaration warning at SystemLogic.vhd(46): used explicit default value for signal "sparetablesel" because signal was never assigned a value
Warning (10540): VHDL Signal Declaration warning at SystemLogic.vhd(47): used explicit default value for signal "sysctrltablesel" because signal was never assigned a value
Info (12129): Elaborating entity "MemoryController" using architecture "A:memorycontroller_rtl" for hierarchy "MemoryController:memoryCtrl"
Info (12129): Elaborating entity "MemoryDecoder" using architecture "A:memorydecoder_rtl" for hierarchy "MemoryDecoder:memoryDecoder"
Warning (13039): The following bidirectional pins have no drivers
    Warning (13040): bidirectional pin "n_busreq" has no driver
    Warning (13040): bidirectional pin "n_reset" has no driver
    Warning (13040): bidirectional pin "ctrl[0]" has no driver
    Warning (13040): bidirectional pin "ctrl[1]" has no driver
    Warning (13040): bidirectional pin "io[0]" has no driver
    Warning (13040): bidirectional pin "io[1]" has no driver
    Warning (13040): bidirectional pin "io[2]" has no driver
    Warning (13040): bidirectional pin "io[3]" has no driver
    Warning (13040): bidirectional pin "io[4]" has no driver
    Warning (13040): bidirectional pin "io[5]" has no driver
    Warning (13040): bidirectional pin "io[6]" has no driver
    Warning (13040): bidirectional pin "io[7]" has no driver
    Warning (13040): bidirectional pin "io_ex[0]" has no driver
    Warning (13040): bidirectional pin "io_ex[1]" has no driver
    Warning (13040): bidirectional pin "io_ex[2]" has no driver
    Warning (13040): bidirectional pin "io_ex[3]" has no driver
    Warning (13040): bidirectional pin "io_ex[4]" has no driver
    Warning (13040): bidirectional pin "io_ex[5]" has no driver
    Warning (13040): bidirectional pin "io_ex[6]" has no driver
    Warning (13040): bidirectional pin "io_ex[7]" has no driver
    Warning (13040): bidirectional pin "io_ex[8]" has no driver
    Warning (13040): bidirectional pin "io_ex[9]" has no driver
    Warning (13040): bidirectional pin "io_ex[10]" has no driver
    Warning (13040): bidirectional pin "io_ex[11]" has no driver
    Warning (13040): bidirectional pin "io_ex[12]" has no driver
    Warning (13040): bidirectional pin "io_ex[13]" has no driver
    Warning (13040): bidirectional pin "io_ex[14]" has no driver
    Warning (13040): bidirectional pin "io_ex[15]" has no driver
    Warning (13040): bidirectional pin "io_ex[16]" has no driver
Warning (13024): Output pins are stuck at VCC or GND
    Warning (13410): Pin "n_memmapen" is stuck at GND
Warning (21074): Design contains 17 input pin(s) that do not drive logic
    Warning (15610): No output dependent on input pin "clk"
    Warning (15610): No output dependent on input pin "a[12]"
    Warning (15610): No output dependent on input pin "a[13]"
    Warning (15610): No output dependent on input pin "a[14]"
    Warning (15610): No output dependent on input pin "a[15]"
    Warning (15610): No output dependent on input pin "ma[0]"
    Warning (15610): No output dependent on input pin "ma[1]"
    Warning (15610): No output dependent on input pin "ma[2]"
    Warning (15610): No output dependent on input pin "ma[3]"
    Warning (15610): No output dependent on input pin "n_rd"
    Warning (15610): No output dependent on input pin "n_busack"
    Warning (15610): No output dependent on input pin "n_cpuhalt"
    Warning (15610): No output dependent on input pin "n_cpuwait"
    Warning (15610): No output dependent on input pin "n_cpum1"
    Warning (15610): No output dependent on input pin "n_cpurefresh"
    Warning (15610): No output dependent on input pin "n_cpuint"
    Warning (15610): No output dependent on input pin "n_cpunmi"
Info (21057): Implemented 93 device resources after synthesis - the final resource count might be different
    Info (21058): Implemented 36 input pins
    Info (21059): Implemented 15 output pins
    Info (21060): Implemented 29 bidirectional pins
    Info (21061): Implemented 13 logic cells
Info: Quartus II 64-Bit Analysis & Synthesis was successful. 0 errors, 53 warnings
    Info: Peak virtual memory: 4852 megabytes
    Info: Processing ended: Sun Jan 06 08:27:30 2019
    Info: Elapsed time: 00:00:13
    Info: Total CPU time (on all processors): 00:00:30


