Z80 Module Assembler 2.8.5, (c) InterLogic 1993-2009, Paulo Custodio 2011-2016                    Sat Jul 02 14:03:17 2016
Page 001                                                                     'C:\Users\marc\AppData\Local\Temp\sa2g_2.lst'


1     0000              ;--------------------------------------------------------
2     0000              ; File Created by SDCC : free open source ANSI-C Compiler
3     0000              ; Version 3.5.5 #9516 (MSVC)
4     0000              ;--------------------------------------------------------
5     0000              ; Processed by Z88DK
6     0000              ;--------------------------------------------------------
7     0000              	EXTERN __divschar
8     0000              	EXTERN __divschar_callee
9     0000              	EXTERN __divsint
10    0000              	EXTERN __divsint_callee
11    0000              	EXTERN __divslong
12    0000              	EXTERN __divslong_callee
13    0000              	EXTERN __divslonglong
14    0000              	EXTERN __divslonglong_callee
15    0000              	EXTERN __divsuchar
16    0000              	EXTERN __divsuchar_callee
17    0000              	EXTERN __divuchar
18    0000              	EXTERN __divuchar_callee
19    0000              	EXTERN __divuint
20    0000              	EXTERN __divuint_callee
21    0000              	EXTERN __divulong
22    0000              	EXTERN __divulong_callee
23    0000              	EXTERN __divulonglong
24    0000              	EXTERN __divulonglong_callee
25    0000              	EXTERN __divuschar
26    0000              	EXTERN __divuschar_callee
27    0000              	EXTERN __modschar
28    0000              	EXTERN __modschar_callee
29    0000              	EXTERN __modsint
30    0000              	EXTERN __modsint_callee
31    0000              	EXTERN __modslong
32    0000              	EXTERN __modslong_callee
33    0000              	EXTERN __modslonglong
34    0000              	EXTERN __modslonglong_callee
35    0000              	EXTERN __modsuchar
36    0000              	EXTERN __modsuchar_callee
37    0000              	EXTERN __moduchar
38    0000              	EXTERN __moduchar_callee
39    0000              	EXTERN __moduint
40    0000              	EXTERN __moduint_callee
41    0000              	EXTERN __modulong
42    0000              	EXTERN __modulong_callee
43    0000              	EXTERN __modulonglong
44    0000              	EXTERN __modulonglong_callee
45    0000              	EXTERN __moduschar
46    0000              	EXTERN __moduschar_callee
47    0000              	EXTERN __mulint
48    0000              	EXTERN __mulint_callee
49    0000              	EXTERN __mullong
50    0000              	EXTERN __mullong_callee
51    0000              	EXTERN __mullonglong
52    0000              	EXTERN __mullonglong_callee
53    0000              	EXTERN __mulschar
54    0000              	EXTERN __mulschar_callee
55    0000              	EXTERN __mulsuchar
56    0000              	EXTERN __mulsuchar_callee
57    0000              	EXTERN __muluschar
58    0000              	EXTERN __muluschar_callee
59    0000              	EXTERN __rlslonglong
60    0000              	EXTERN __rlslonglong_callee
61    0000              	EXTERN __rlulonglong

Z80 Module Assembler 2.8.5, (c) InterLogic 1993-2009, Paulo Custodio 2011-2016                    Sat Jul 02 14:03:17 2016
Page 002                                                                     'C:\Users\marc\AppData\Local\Temp\sa2g_2.lst'


62    0000              	EXTERN __rlulonglong_callee
63    0000              	EXTERN __rrslonglong
64    0000              	EXTERN __rrslonglong_callee
65    0000              	EXTERN __rrulonglong
66    0000              	EXTERN __rrulonglong_callee
67    0000              	EXTERN ___sdcc_call_hl
68    0000              	EXTERN ___sdcc_call_iy
69    0000              	EXTERN ___sdcc_enter_ix
70    0000              	EXTERN _banked_call
71    0000              	EXTERN _banked_ret
72    0000              	EXTERN ___fs2schar
73    0000              	EXTERN ___fs2schar_callee
74    0000              	EXTERN ___fs2sint
75    0000              	EXTERN ___fs2sint_callee
76    0000              	EXTERN ___fs2slong
77    0000              	EXTERN ___fs2slong_callee
78    0000              	EXTERN ___fs2slonglong
79    0000              	EXTERN ___fs2slonglong_callee
80    0000              	EXTERN ___fs2uchar
81    0000              	EXTERN ___fs2uchar_callee
82    0000              	EXTERN ___fs2uint
83    0000              	EXTERN ___fs2uint_callee
84    0000              	EXTERN ___fs2ulong
85    0000              	EXTERN ___fs2ulong_callee
86    0000              	EXTERN ___fs2ulonglong
87    0000              	EXTERN ___fs2ulonglong_callee
88    0000              	EXTERN ___fsadd
89    0000              	EXTERN ___fsadd_callee
90    0000              	EXTERN ___fsdiv
91    0000              	EXTERN ___fsdiv_callee
92    0000              	EXTERN ___fseq
93    0000              	EXTERN ___fseq_callee
94    0000              	EXTERN ___fsgt
95    0000              	EXTERN ___fsgt_callee
96    0000              	EXTERN ___fslt
97    0000              	EXTERN ___fslt_callee
98    0000              	EXTERN ___fsmul
99    0000              	EXTERN ___fsmul_callee
100   0000              	EXTERN ___fsneq
101   0000              	EXTERN ___fsneq_callee
102   0000              	EXTERN ___fssub
103   0000              	EXTERN ___fssub_callee
104   0000              	EXTERN ___schar2fs
105   0000              	EXTERN ___schar2fs_callee
106   0000              	EXTERN ___sint2fs
107   0000              	EXTERN ___sint2fs_callee
108   0000              	EXTERN ___slong2fs
109   0000              	EXTERN ___slong2fs_callee
110   0000              	EXTERN ___slonglong2fs
111   0000              	EXTERN ___slonglong2fs_callee
112   0000              	EXTERN ___uchar2fs
113   0000              	EXTERN ___uchar2fs_callee
114   0000              	EXTERN ___uint2fs
115   0000              	EXTERN ___uint2fs_callee
116   0000              	EXTERN ___ulong2fs
117   0000              	EXTERN ___ulong2fs_callee
118   0000              	EXTERN ___ulonglong2fs
119   0000              	EXTERN ___ulonglong2fs_callee
120   0000              	EXTERN asm_z80_push_di
121   0000              	EXTERN asm_z80_pop_ei
122   0000              

Z80 Module Assembler 2.8.5, (c) InterLogic 1993-2009, Paulo Custodio 2011-2016                    Sat Jul 02 14:03:17 2016
Page 003                                                                     'C:\Users\marc\AppData\Local\Temp\sa2g_2.lst'


123   0000              ;--------------------------------------------------------
124   0000              ; Public variables in this module
125   0000              ;--------------------------------------------------------
126   0000              	GLOBAL _StringBuilder_Construct
127   0000              	GLOBAL _StringBuilder_AppendString
128   0000              	GLOBAL _StringBuilder_AppendChar
129   0000              	GLOBAL _StringBuilder_AppendUint8
130   0000              	GLOBAL _StringBuilder_AppendUint16
131   0000              ;--------------------------------------------------------
132   0000              ; Externals used
133   0000              ;--------------------------------------------------------
134   0000              	GLOBAL _ffsll_callee
135   0000              	GLOBAL _ffsll
136   0000              	GLOBAL _strxfrm_callee
137   0000              	GLOBAL _strxfrm
138   0000              	GLOBAL _strupr_fastcall
139   0000              	GLOBAL _strupr
140   0000              	GLOBAL _strtok_r_callee
141   0000              	GLOBAL _strtok_r
142   0000              	GLOBAL _strtok_callee
143   0000              	GLOBAL _strtok
144   0000              	GLOBAL _strstrip_fastcall
145   0000              	GLOBAL _strstrip
146   0000              	GLOBAL _strstr_callee
147   0000              	GLOBAL _strstr
148   0000              	GLOBAL _strspn_callee
149   0000              	GLOBAL _strspn
150   0000              	GLOBAL _strsep_callee
151   0000              	GLOBAL _strsep
152   0000              	GLOBAL _strrstrip_fastcall
153   0000              	GLOBAL _strrstrip
154   0000              	GLOBAL _strrspn_callee
155   0000              	GLOBAL _strrspn
156   0000              	GLOBAL _strrev_fastcall
157   0000              	GLOBAL _strrev
158   0000              	GLOBAL _strrcspn_callee
159   0000              	GLOBAL _strrcspn
160   0000              	GLOBAL _strrchr_callee
161   0000              	GLOBAL _strrchr
162   0000              	GLOBAL _strpbrk_callee
163   0000              	GLOBAL _strpbrk
164   0000              	GLOBAL _strnlen_callee
165   0000              	GLOBAL _strnlen
166   0000              	GLOBAL _strnicmp_callee
167   0000              	GLOBAL _strnicmp
168   0000              	GLOBAL _strndup_callee
169   0000              	GLOBAL _strndup
170   0000              	GLOBAL _strncpy_callee
171   0000              	GLOBAL _strncpy
172   0000              	GLOBAL _strncmp_callee
173   0000              	GLOBAL _strncmp
174   0000              	GLOBAL _strnchr_callee
175   0000              	GLOBAL _strnchr
176   0000              	GLOBAL _strncat_callee
177   0000              	GLOBAL _strncat
178   0000              	GLOBAL _strncasecmp_callee
179   0000              	GLOBAL _strncasecmp
180   0000              	GLOBAL _strlwr_fastcall
181   0000              	GLOBAL _strlwr
182   0000              	GLOBAL _strlen_fastcall
183   0000              	GLOBAL _strlen

Z80 Module Assembler 2.8.5, (c) InterLogic 1993-2009, Paulo Custodio 2011-2016                    Sat Jul 02 14:03:17 2016
Page 004                                                                     'C:\Users\marc\AppData\Local\Temp\sa2g_2.lst'


184   0000              	GLOBAL _strlcpy_callee
185   0000              	GLOBAL _strlcpy
186   0000              	GLOBAL _strlcat_callee
187   0000              	GLOBAL _strlcat
188   0000              	GLOBAL _stricmp_callee
189   0000              	GLOBAL _stricmp
190   0000              	GLOBAL _strerror_fastcall
191   0000              	GLOBAL _strerror
192   0000              	GLOBAL _strdup_fastcall
193   0000              	GLOBAL _strdup
194   0000              	GLOBAL _strcspn_callee
195   0000              	GLOBAL _strcspn
196   0000              	GLOBAL _strcpy_callee
197   0000              	GLOBAL _strcpy
198   0000              	GLOBAL _strcoll_callee
199   0000              	GLOBAL _strcoll
200   0000              	GLOBAL _strcmp_callee
201   0000              	GLOBAL _strcmp
202   0000              	GLOBAL _strchrnul_callee
203   0000              	GLOBAL _strchrnul
204   0000              	GLOBAL _strchr_callee
205   0000              	GLOBAL _strchr
206   0000              	GLOBAL _strcat_callee
207   0000              	GLOBAL _strcat
208   0000              	GLOBAL _strcasecmp_callee
209   0000              	GLOBAL _strcasecmp
210   0000              	GLOBAL _stpncpy_callee
211   0000              	GLOBAL _stpncpy
212   0000              	GLOBAL _stpcpy_callee
213   0000              	GLOBAL _stpcpy
214   0000              	GLOBAL _memswap_callee
215   0000              	GLOBAL _memswap
216   0000              	GLOBAL _memset_callee
217   0000              	GLOBAL _memset
218   0000              	GLOBAL _memrchr_callee
219   0000              	GLOBAL _memrchr
220   0000              	GLOBAL _memmove_callee
221   0000              	GLOBAL _memmove
222   0000              	GLOBAL _memmem_callee
223   0000              	GLOBAL _memmem
224   0000              	GLOBAL _memcpy_callee
225   0000              	GLOBAL _memcpy
226   0000              	GLOBAL _memcmp_callee
227   0000              	GLOBAL _memcmp
228   0000              	GLOBAL _memchr_callee
229   0000              	GLOBAL _memchr
230   0000              	GLOBAL _memccpy_callee
231   0000              	GLOBAL _memccpy
232   0000              	GLOBAL _ffsl_fastcall
233   0000              	GLOBAL _ffsl
234   0000              	GLOBAL _ffs_fastcall
235   0000              	GLOBAL _ffs
236   0000              	GLOBAL __strrstrip__fastcall
237   0000              	GLOBAL __strrstrip_
238   0000              	GLOBAL __memupr__callee
239   0000              	GLOBAL __memupr_
240   0000              	GLOBAL __memstrcpy__callee
241   0000              	GLOBAL __memstrcpy_
242   0000              	GLOBAL __memlwr__callee
243   0000              	GLOBAL __memlwr_
244   0000              	GLOBAL _rawmemchr_callee

Z80 Module Assembler 2.8.5, (c) InterLogic 1993-2009, Paulo Custodio 2011-2016                    Sat Jul 02 14:03:17 2016
Page 005                                                                     'C:\Users\marc\AppData\Local\Temp\sa2g_2.lst'


245   0000              	GLOBAL _rawmemchr
246   0000              	GLOBAL _strnset_callee
247   0000              	GLOBAL _strnset
248   0000              	GLOBAL _strset_callee
249   0000              	GLOBAL _strset
250   0000              	GLOBAL _rindex_callee
251   0000              	GLOBAL _rindex
252   0000              	GLOBAL _index_callee
253   0000              	GLOBAL _index
254   0000              	GLOBAL _bzero_callee
255   0000              	GLOBAL _bzero
256   0000              	GLOBAL _bcopy_callee
257   0000              	GLOBAL _bcopy
258   0000              	GLOBAL _bcmp_callee
259   0000              	GLOBAL _bcmp
260   0000              	GLOBAL _ulltoa_callee
261   0000              	GLOBAL _ulltoa
262   0000              	GLOBAL _strtoull_callee
263   0000              	GLOBAL _strtoull
264   0000              	GLOBAL _strtoll_callee
265   0000              	GLOBAL _strtoll
266   0000              	GLOBAL _lltoa_callee
267   0000              	GLOBAL _lltoa
268   0000              	GLOBAL _llabs_callee
269   0000              	GLOBAL _llabs
270   0000              	GLOBAL __lldivu__callee
271   0000              	GLOBAL __lldivu_
272   0000              	GLOBAL __lldiv__callee
273   0000              	GLOBAL __lldiv_
274   0000              	GLOBAL _atoll_callee
275   0000              	GLOBAL _atoll
276   0000              	GLOBAL _realloc_unlocked_callee
277   0000              	GLOBAL _realloc_unlocked
278   0000              	GLOBAL _malloc_unlocked_fastcall
279   0000              	GLOBAL _malloc_unlocked
280   0000              	GLOBAL _free_unlocked_fastcall
281   0000              	GLOBAL _free_unlocked
282   0000              	GLOBAL _calloc_unlocked_callee
283   0000              	GLOBAL _calloc_unlocked
284   0000              	GLOBAL _aligned_alloc_unlocked_callee
285   0000              	GLOBAL _aligned_alloc_unlocked
286   0000              	GLOBAL _realloc_callee
287   0000              	GLOBAL _realloc
288   0000              	GLOBAL _malloc_fastcall
289   0000              	GLOBAL _malloc
290   0000              	GLOBAL _free_fastcall
291   0000              	GLOBAL _free
292   0000              	GLOBAL _calloc_callee
293   0000              	GLOBAL _calloc
294   0000              	GLOBAL _aligned_alloc_callee
295   0000              	GLOBAL _aligned_alloc
296   0000              	GLOBAL _utoa_callee
297   0000              	GLOBAL _utoa
298   0000              	GLOBAL _ultoa_callee
299   0000              	GLOBAL _ultoa
300   0000              	GLOBAL _system_fastcall
301   0000              	GLOBAL _system
302   0000              	GLOBAL _strtoul_callee
303   0000              	GLOBAL _strtoul
304   0000              	GLOBAL _strtol_callee
305   0000              	GLOBAL _strtol

Z80 Module Assembler 2.8.5, (c) InterLogic 1993-2009, Paulo Custodio 2011-2016                    Sat Jul 02 14:03:17 2016
Page 006                                                                     'C:\Users\marc\AppData\Local\Temp\sa2g_2.lst'


306   0000              	GLOBAL _strtof_callee
307   0000              	GLOBAL _strtof
308   0000              	GLOBAL _strtod_callee
309   0000              	GLOBAL _strtod
310   0000              	GLOBAL _srand_fastcall
311   0000              	GLOBAL _srand
312   0000              	GLOBAL _rand
313   0000              	GLOBAL _quick_exit_fastcall
314   0000              	GLOBAL _quick_exit
315   0000              	GLOBAL _qsort_callee
316   0000              	GLOBAL _qsort
317   0000              	GLOBAL _ltoa_callee
318   0000              	GLOBAL _ltoa
319   0000              	GLOBAL _labs_fastcall
320   0000              	GLOBAL _labs
321   0000              	GLOBAL _itoa_callee
322   0000              	GLOBAL _itoa
323   0000              	GLOBAL _ftoh_callee
324   0000              	GLOBAL _ftoh
325   0000              	GLOBAL _ftog_callee
326   0000              	GLOBAL _ftog
327   0000              	GLOBAL _ftoe_callee
328   0000              	GLOBAL _ftoe
329   0000              	GLOBAL _ftoa_callee
330   0000              	GLOBAL _ftoa
331   0000              	GLOBAL _exit_fastcall
332   0000              	GLOBAL _exit
333   0000              	GLOBAL _dtoh_callee
334   0000              	GLOBAL _dtoh
335   0000              	GLOBAL _dtog_callee
336   0000              	GLOBAL _dtog
337   0000              	GLOBAL _dtoe_callee
338   0000              	GLOBAL _dtoe
339   0000              	GLOBAL _dtoa_callee
340   0000              	GLOBAL _dtoa
341   0000              	GLOBAL _bsearch_callee
342   0000              	GLOBAL _bsearch
343   0000              	GLOBAL _atol_fastcall
344   0000              	GLOBAL _atol
345   0000              	GLOBAL _atoi_fastcall
346   0000              	GLOBAL _atoi
347   0000              	GLOBAL _atof_fastcall
348   0000              	GLOBAL _atof
349   0000              	GLOBAL _atexit_fastcall
350   0000              	GLOBAL _atexit
351   0000              	GLOBAL _at_quick_exit_fastcall
352   0000              	GLOBAL _at_quick_exit
353   0000              	GLOBAL _abs_fastcall
354   0000              	GLOBAL _abs
355   0000              	GLOBAL _abort
356   0000              	GLOBAL __strtou__callee
357   0000              	GLOBAL __strtou_
358   0000              	GLOBAL __strtoi__callee
359   0000              	GLOBAL __strtoi_
360   0000              	GLOBAL __random_uniform_xor_8__fastcall
361   0000              	GLOBAL __random_uniform_xor_8_
362   0000              	GLOBAL __random_uniform_xor_32__fastcall
363   0000              	GLOBAL __random_uniform_xor_32_
364   0000              	GLOBAL __random_uniform_cmwc_8__fastcall
365   0000              	GLOBAL __random_uniform_cmwc_8_
366   0000              	GLOBAL __shellsort__callee

Z80 Module Assembler 2.8.5, (c) InterLogic 1993-2009, Paulo Custodio 2011-2016                    Sat Jul 02 14:03:17 2016
Page 007                                                                     'C:\Users\marc\AppData\Local\Temp\sa2g_2.lst'


367   0000              	GLOBAL __shellsort_
368   0000              	GLOBAL __quicksort__callee
369   0000              	GLOBAL __quicksort_
370   0000              	GLOBAL __insertion_sort__callee
371   0000              	GLOBAL __insertion_sort_
372   0000              	GLOBAL __ldivu__callee
373   0000              	GLOBAL __ldivu_
374   0000              	GLOBAL __ldiv__callee
375   0000              	GLOBAL __ldiv_
376   0000              	GLOBAL __divu__callee
377   0000              	GLOBAL __divu_
378   0000              	GLOBAL __div__callee
379   0000              	GLOBAL __div_
380   0000              	GLOBAL _GetLastError
381   0000              	GLOBAL _SetLastError
382   0000              ;--------------------------------------------------------
383   0000              ; special function registers
384   0000              ;--------------------------------------------------------
385   0000              ;--------------------------------------------------------
386   0000              ; ram data
387   0000              ;--------------------------------------------------------
388   0000              	SECTION bss_compiler
389   0000              ;--------------------------------------------------------
390   0000              ; ram data
391   0000              ;--------------------------------------------------------
392   0000              
393   0000              IF 0
394   0000              
395   0000              ; .area _INITIALIZED removed by z88dk
396   0000              
397   0000              
398   0000              ENDIF
399   0000              
400   0000              ;--------------------------------------------------------
401   0000              ; absolute external ram data
402   0000              ;--------------------------------------------------------
403   0000              	SECTION IGNORE
404   0000              ;--------------------------------------------------------
405   0000              ; global & static initialisations
406   0000              ;--------------------------------------------------------
407   0000              	SECTION IGNORE
408   0000              	SECTION code_crt_init
409   0000              	SECTION code_crt_exit
410   0000              	SECTION code_crt_init
411   0000              ;--------------------------------------------------------
412   0000              ; Home
413   0000              ;--------------------------------------------------------
414   0000              	SECTION IGNORE
415   0000              	SECTION IGNORE
416   0000              ;--------------------------------------------------------
417   0000              ; code
418   0000              ;--------------------------------------------------------
419   0000              	SECTION code_compiler
420   0000              ;	---------------------------------
421   0000              ; Function StringBuilder_Construct
422   0000              ; ---------------------------------
423   0000              _StringBuilder_Construct:
424   0000  DD E5       	push	ix
425   0002  DD 21 00 00 	ld	ix,0
426   0006  DD 39       	add	ix,sp
427   0008  01 00 00    	ld	bc,0x0000

Z80 Module Assembler 2.8.5, (c) InterLogic 1993-2009, Paulo Custodio 2011-2016                    Sat Jul 02 14:03:17 2016
Page 008                                                                     'C:\Users\marc\AppData\Local\Temp\sa2g_2.lst'


428   000B  DD 7E 05    	ld	a,(ix+5)
429   000E  DD B6 04    	or	a,(ix+4)
430   0011  28 31       	jr	Z,l_StringBuilder_Construct_00102
431   0013  3E 05       	ld	a,0x05
432   0015  DD BE 06    	cp	a,(ix+6)
433   0018  3E 00       	ld	a,0x00
434   001A  DD 9E 07    	sbc	a,(ix+7)
435   001D  38 25       	jr	C,l_StringBuilder_Construct_00102
436   001F  DD 4E 04    	ld	c,(ix+4)
437   0022  DD 46 05    	ld	b,(ix+5)
438   0025  DD 7E 06    	ld	a,(ix+6)
439   0028  C6 FB       	add	a,0xFB
440   002A  5F          	ld	e,a
441   002B  DD 7E 07    	ld	a,(ix+7)
442   002E  CE FF       	adc	a,0xFF
443   0030  57          	ld	d,a
444   0031  69          	ld	l, c
445   0032  60          	ld	h, b
446   0033  73          	ld	(hl),e
447   0034  23          	inc	hl
448   0035  72          	ld	(hl),d
449   0036  69          	ld	l, c
450   0037  60          	ld	h, b
451   0038  23          	inc	hl
452   0039  23          	inc	hl
453   003A  AF          	xor	a, a
454   003B  77          	ld	(hl), a
455   003C  23          	inc	hl
456   003D  77          	ld	(hl), a
457   003E  21 04 00    	ld	hl,0x0004
458   0041  09          	add	hl,bc
459   0042  36 00       	ld	(hl),0x00
460   0044              l_StringBuilder_Construct_00102:
461   0044  69          	ld	l, c
462   0045  60          	ld	h, b
463   0046  DD E1       	pop	ix
464   0048  C9          	ret
465   0049              ;	---------------------------------
466   0049              ; Function StringBuilder_AppendString
467   0049              ; ---------------------------------
468   0049              _StringBuilder_AppendString:
469   0049  DD E5       	push	ix
470   004B  DD 21 00 00 	ld	ix,0
471   004F  DD 39       	add	ix,sp
472   0051  F5          	push	af
473   0052  F5          	push	af
474   0053  DD 7E 05    	ld	a,(ix+5)
475   0056  DD B6 04    	or	a,(ix+4)
476   0059  20 06       	jr	NZ,l_StringBuilder_AppendString_00102
477   005B  21 02 00    	ld	hl,0x0002
478   005E  C3 E5 00    	jp	l_StringBuilder_AppendString_00107
479   0061              l_StringBuilder_AppendString_00102:
480   0061  DD 7E 07    	ld	a,(ix+7)
481   0064  DD B6 06    	or	a,(ix+6)
482   0067  20 06       	jr	NZ,l_StringBuilder_AppendString_00104
483   0069  21 05 00    	ld	hl,0x0005
484   006C  C3 E5 00    	jp	l_StringBuilder_AppendString_00107
485   006F              l_StringBuilder_AppendString_00104:
486   006F  DD 5E 04    	ld	e,(ix+4)
487   0072  DD 56 05    	ld	d,(ix+5)
488   0075  1A          	ld	a,(de)

Z80 Module Assembler 2.8.5, (c) InterLogic 1993-2009, Paulo Custodio 2011-2016                    Sat Jul 02 14:03:17 2016
Page 009                                                                     'C:\Users\marc\AppData\Local\Temp\sa2g_2.lst'


489   0076  DD 77 FE    	ld	(ix-2),a
490   0079  13          	inc	de
491   007A  1A          	ld	a,(de)
492   007B  DD 77 FF    	ld	(ix-1),a
493   007E  1B          	dec	de
494   007F  4B          	ld	c, e
495   0080  42          	ld	b, d
496   0081  03          	inc	bc
497   0082  03          	inc	bc
498   0083  0A          	ld	a,(bc)
499   0084  DD 77 FC    	ld	(ix-4),a
500   0087  03          	inc	bc
501   0088  0A          	ld	a,(bc)
502   0089  DD 77 FD    	ld	(ix-3),a
503   008C  0B          	dec	bc
504   008D  DD 7E FE    	ld	a,(ix-2)
505   0090  DD 96 FC    	sub	a,(ix-4)
506   0093  DD 77 FE    	ld	(ix-2),a
507   0096  DD 7E FF    	ld	a,(ix-1)
508   0099  DD 9E FD    	sbc	a,(ix-3)
509   009C  DD 77 FF    	ld	(ix-1),a
510   009F  DD 7E FE    	ld	a,(ix-2)
511   00A2  DD 96 08    	sub	a,(ix+8)
512   00A5  DD 7E FF    	ld	a,(ix-1)
513   00A8  DD 9E 09    	sbc	a,(ix+9)
514   00AB  30 05       	jr	NC,l_StringBuilder_AppendString_00106
515   00AD  21 03 00    	ld	hl,0x0003
516   00B0  18 33       	jr	l_StringBuilder_AppendString_00107
517   00B2              l_StringBuilder_AppendString_00106:
518   00B2  13          	inc	de
519   00B3  13          	inc	de
520   00B4  13          	inc	de
521   00B5  13          	inc	de
522   00B6  E1          	pop	hl
523   00B7  E5          	push	hl
524   00B8  19          	add	hl,de
525   00B9  EB          	ex	de,hl
526   00BA  C5          	push	bc
527   00BB  DD 6E 08    	ld	l,(ix+8)
528   00BE  DD 66 09    	ld	h,(ix+9)
529   00C1  E5          	push	hl
530   00C2  DD 6E 06    	ld	l,(ix+6)
531   00C5  DD 66 07    	ld	h,(ix+7)
532   00C8  E5          	push	hl
533   00C9  D5          	push	de
534   00CA  CD 00 00    	call	_strncpy_callee
535   00CD  C1          	pop	bc
536   00CE  69          	ld	l, c
537   00CF  60          	ld	h, b
538   00D0  5E          	ld	e,(hl)
539   00D1  23          	inc	hl
540   00D2  56          	ld	d,(hl)
541   00D3  7B          	ld	a,e
542   00D4  DD 86 08    	add	a,(ix+8)
543   00D7  5F          	ld	e,a
544   00D8  7A          	ld	a,d
545   00D9  DD 8E 09    	adc	a,(ix+9)
546   00DC  57          	ld	d,a
547   00DD  7B          	ld	a,e
548   00DE  02          	ld	(bc),a
549   00DF  03          	inc	bc

Z80 Module Assembler 2.8.5, (c) InterLogic 1993-2009, Paulo Custodio 2011-2016                    Sat Jul 02 14:03:17 2016
Page 010                                                                     'C:\Users\marc\AppData\Local\Temp\sa2g_2.lst'


550   00E0  7A          	ld	a,d
551   00E1  02          	ld	(bc),a
552   00E2  21 00 00    	ld	hl,0x0000
553   00E5              l_StringBuilder_AppendString_00107:
554   00E5  DD F9       	ld	sp, ix
555   00E7  DD E1       	pop	ix
556   00E9  C9          	ret
557   00EA              ;	---------------------------------
558   00EA              ; Function StringBuilder_AppendChar
559   00EA              ; ---------------------------------
560   00EA              _StringBuilder_AppendChar:
561   00EA  DD E5       	push	ix
562   00EC  DD 21 00 00 	ld	ix,0
563   00F0  DD 39       	add	ix,sp
564   00F2  F5          	push	af
565   00F3  DD 7E 05    	ld	a,(ix+5)
566   00F6  DD B6 04    	or	a,(ix+4)
567   00F9  20 05       	jr	NZ,l_StringBuilder_AppendChar_00102
568   00FB  21 02 00    	ld	hl,0x0002
569   00FE  18 46       	jr	l_StringBuilder_AppendChar_00105
570   0100              l_StringBuilder_AppendChar_00102:
571   0100  DD 4E 04    	ld	c,(ix+4)
572   0103  DD 46 05    	ld	b,(ix+5)
573   0106  69          	ld	l, c
574   0107  60          	ld	h, b
575   0108  5E          	ld	e,(hl)
576   0109  23          	inc	hl
577   010A  56          	ld	d,(hl)
578   010B  21 02 00    	ld	hl,0x0002
579   010E  09          	add	hl,bc
580   010F  E3          	ex	(sp), hl
581   0110  E1          	pop	hl
582   0111  E5          	push	hl
583   0112  7E          	ld	a, (hl)
584   0113  23          	inc	hl
585   0114  66          	ld	h,(hl)
586   0115  6F          	ld	l,a
587   0116  7B          	ld	a,e
588   0117  95          	sub	a, l
589   0118  5F          	ld	e,a
590   0119  7A          	ld	a,d
591   011A  9C          	sbc	a, h
592   011B  57          	ld	d,a
593   011C  7B          	ld	a,e
594   011D  D6 02       	sub	a,0x02
595   011F  7A          	ld	a,d
596   0120  DE 00       	sbc	a,0x00
597   0122  30 05       	jr	NC,l_StringBuilder_AppendChar_00104
598   0124  21 03 00    	ld	hl,0x0003
599   0127  18 1D       	jr	l_StringBuilder_AppendChar_00105
600   0129              l_StringBuilder_AppendChar_00104:
601   0129  03          	inc	bc
602   012A  03          	inc	bc
603   012B  03          	inc	bc
604   012C  03          	inc	bc
605   012D  09          	add	hl,bc
606   012E  EB          	ex	de,hl
607   012F  DD 7E 06    	ld	a,(ix+6)
608   0132  12          	ld	(de),a
609   0133  E1          	pop	hl
610   0134  E5          	push	hl

Z80 Module Assembler 2.8.5, (c) InterLogic 1993-2009, Paulo Custodio 2011-2016                    Sat Jul 02 14:03:17 2016
Page 011                                                                     'C:\Users\marc\AppData\Local\Temp\sa2g_2.lst'


611   0135  5E          	ld	e,(hl)
612   0136  23          	inc	hl
613   0137  56          	ld	d,(hl)
614   0138  13          	inc	de
615   0139  E1          	pop	hl
616   013A  E5          	push	hl
617   013B  73          	ld	(hl),e
618   013C  23          	inc	hl
619   013D  72          	ld	(hl),d
620   013E  69          	ld	l, c
621   013F  60          	ld	h, b
622   0140  19          	add	hl,de
623   0141  36 00       	ld	(hl),0x00
624   0143  21 00 00    	ld	hl,0x0000
625   0146              l_StringBuilder_AppendChar_00105:
626   0146  DD F9       	ld	sp, ix
627   0148  DD E1       	pop	ix
628   014A  C9          	ret
629   014B              ;	---------------------------------
630   014B              ; Function StringBuilder_AppendUint8
631   014B              ; ---------------------------------
632   014B              _StringBuilder_AppendUint8:
633   014B  DD E5       	push	ix
634   014D  DD 21 00 00 	ld	ix,0
635   0151  DD 39       	add	ix,sp
636   0153  F5          	push	af
637   0154  F5          	push	af
638   0155  DD 7E 05    	ld	a,(ix+5)
639   0158  DD B6 04    	or	a,(ix+4)
640   015B  20 05       	jr	NZ,l_StringBuilder_AppendUint8_00102
641   015D  21 02 00    	ld	hl,0x0002
642   0160  18 78       	jr	l_StringBuilder_AppendUint8_00105
643   0162              l_StringBuilder_AppendUint8_00102:
644   0162  DD 4E 04    	ld	c,(ix+4)
645   0165  DD 46 05    	ld	b,(ix+5)
646   0168  69          	ld	l, c
647   0169  60          	ld	h, b
648   016A  5E          	ld	e,(hl)
649   016B  23          	inc	hl
650   016C  56          	ld	d,(hl)
651   016D  21 02 00    	ld	hl,0x0002
652   0170  09          	add	hl,bc
653   0171  DD 75 FE    	ld	(ix-2),l
654   0174  DD 74 FF    	ld	(ix-1),h
655   0177  DD 6E FE    	ld	l,(ix-2)
656   017A  DD 66 FF    	ld	h,(ix-1)
657   017D  7E          	ld	a, (hl)
658   017E  23          	inc	hl
659   017F  66          	ld	h,(hl)
660   0180  6F          	ld	l,a
661   0181  7B          	ld	a,e
662   0182  95          	sub	a, l
663   0183  5F          	ld	e,a
664   0184  7A          	ld	a,d
665   0185  9C          	sbc	a, h
666   0186  57          	ld	d,a
667   0187  7B          	ld	a,e
668   0188  D6 04       	sub	a,0x04
669   018A  7A          	ld	a,d
670   018B  DE 00       	sbc	a,0x00
671   018D  30 05       	jr	NC,l_StringBuilder_AppendUint8_00104

Z80 Module Assembler 2.8.5, (c) InterLogic 1993-2009, Paulo Custodio 2011-2016                    Sat Jul 02 14:03:17 2016
Page 012                                                                     'C:\Users\marc\AppData\Local\Temp\sa2g_2.lst'


672   018F  21 03 00    	ld	hl,0x0003
673   0192  18 46       	jr	l_StringBuilder_AppendUint8_00105
674   0194              l_StringBuilder_AppendUint8_00104:
675   0194  03          	inc	bc
676   0195  03          	inc	bc
677   0196  03          	inc	bc
678   0197  03          	inc	bc
679   0198  09          	add	hl,bc
680   0199  4D          	ld	c,l
681   019A  44          	ld	b,h
682   019B  DD 7E 07    	ld	a,(ix+7)
683   019E  DD 77 FC    	ld	(ix-4),a
684   01A1  DD 36 FD 00 	ld	(ix-3),0x00
685   01A5  DD 5E 06    	ld	e,(ix+6)
686   01A8  16 00       	ld	d,0x00
687   01AA  C5          	push	bc
688   01AB  DD 6E FC    	ld	l,(ix-4)
689   01AE  DD 66 FD    	ld	h,(ix-3)
690   01B1  E5          	push	hl
691   01B2  C5          	push	bc
692   01B3  D5          	push	de
693   01B4  CD 00 00    	call	_itoa_callee
694   01B7  C1          	pop	bc
695   01B8  DD 6E FE    	ld	l,(ix-2)
696   01BB  DD 66 FF    	ld	h,(ix-1)
697   01BE  5E          	ld	e,(hl)
698   01BF  23          	inc	hl
699   01C0  56          	ld	d,(hl)
700   01C1  69          	ld	l, c
701   01C2  60          	ld	h, b
702   01C3  CD 00 00    	call	_strlen_fastcall
703   01C6  4D          	ld	c,l
704   01C7  44          	ld	b,h
705   01C8  7B          	ld	a,e
706   01C9  81          	add	a, c
707   01CA  4F          	ld	c,a
708   01CB  7A          	ld	a,d
709   01CC  88          	adc	a, b
710   01CD  47          	ld	b,a
711   01CE  DD 6E FE    	ld	l,(ix-2)
712   01D1  DD 66 FF    	ld	h,(ix-1)
713   01D4  71          	ld	(hl),c
714   01D5  23          	inc	hl
715   01D6  70          	ld	(hl),b
716   01D7  21 00 00    	ld	hl,0x0000
717   01DA              l_StringBuilder_AppendUint8_00105:
718   01DA  DD F9       	ld	sp, ix
719   01DC  DD E1       	pop	ix
720   01DE  C9          	ret
721   01DF              ;	---------------------------------
722   01DF              ; Function StringBuilder_AppendUint16
723   01DF              ; ---------------------------------
724   01DF              _StringBuilder_AppendUint16:
725   01DF  DD E5       	push	ix
726   01E1  DD 21 00 00 	ld	ix,0
727   01E5  DD 39       	add	ix,sp
728   01E7  F5          	push	af
729   01E8  DD 7E 05    	ld	a,(ix+5)
730   01EB  DD B6 04    	or	a,(ix+4)
731   01EE  20 05       	jr	NZ,l_StringBuilder_AppendUint16_00102
732   01F0  21 02 00    	ld	hl,0x0002

Z80 Module Assembler 2.8.5, (c) InterLogic 1993-2009, Paulo Custodio 2011-2016                    Sat Jul 02 14:03:17 2016
Page 013                                                                     'C:\Users\marc\AppData\Local\Temp\sa2g_2.lst'


733   01F3  18 5D       	jr	l_StringBuilder_AppendUint16_00105
734   01F5              l_StringBuilder_AppendUint16_00102:
735   01F5  DD 4E 04    	ld	c,(ix+4)
736   01F8  DD 46 05    	ld	b,(ix+5)
737   01FB  69          	ld	l, c
738   01FC  60          	ld	h, b
739   01FD  5E          	ld	e,(hl)
740   01FE  23          	inc	hl
741   01FF  56          	ld	d,(hl)
742   0200  21 02 00    	ld	hl,0x0002
743   0203  09          	add	hl,bc
744   0204  E3          	ex	(sp), hl
745   0205  E1          	pop	hl
746   0206  E5          	push	hl
747   0207  7E          	ld	a, (hl)
748   0208  23          	inc	hl
749   0209  66          	ld	h,(hl)
750   020A  6F          	ld	l,a
751   020B  7B          	ld	a,e
752   020C  95          	sub	a, l
753   020D  5F          	ld	e,a
754   020E  7A          	ld	a,d
755   020F  9C          	sbc	a, h
756   0210  57          	ld	d,a
757   0211  7B          	ld	a,e
758   0212  D6 06       	sub	a,0x06
759   0214  7A          	ld	a,d
760   0215  DE 00       	sbc	a,0x00
761   0217  30 05       	jr	NC,l_StringBuilder_AppendUint16_00104
762   0219  21 03 00    	ld	hl,0x0003
763   021C  18 34       	jr	l_StringBuilder_AppendUint16_00105
764   021E              l_StringBuilder_AppendUint16_00104:
765   021E  03          	inc	bc
766   021F  03          	inc	bc
767   0220  03          	inc	bc
768   0221  03          	inc	bc
769   0222  09          	add	hl,bc
770   0223  4D          	ld	c,l
771   0224  44          	ld	b,h
772   0225  DD 5E 08    	ld	e,(ix+8)
773   0228  16 00       	ld	d,0x00
774   022A  C5          	push	bc
775   022B  D5          	push	de
776   022C  C5          	push	bc
777   022D  DD 6E 06    	ld	l,(ix+6)
778   0230  DD 66 07    	ld	h,(ix+7)
779   0233  E5          	push	hl
780   0234  CD 00 00    	call	_itoa_callee
781   0237  C1          	pop	bc
782   0238  E1          	pop	hl
783   0239  E5          	push	hl
784   023A  5E          	ld	e,(hl)
785   023B  23          	inc	hl
786   023C  56          	ld	d,(hl)
787   023D  69          	ld	l, c
788   023E  60          	ld	h, b
789   023F  CD 00 00    	call	_strlen_fastcall
790   0242  4D          	ld	c,l
791   0243  44          	ld	b,h
792   0244  7B          	ld	a,e
793   0245  81          	add	a, c

Z80 Module Assembler 2.8.5, (c) InterLogic 1993-2009, Paulo Custodio 2011-2016                    Sat Jul 02 14:03:17 2016
Page 014                                                                     'C:\Users\marc\AppData\Local\Temp\sa2g_2.lst'


794   0246  4F          	ld	c,a
795   0247  7A          	ld	a,d
796   0248  88          	adc	a, b
797   0249  47          	ld	b,a
798   024A  E1          	pop	hl
799   024B  E5          	push	hl
800   024C  71          	ld	(hl),c
801   024D  23          	inc	hl
802   024E  70          	ld	(hl),b
803   024F  21 00 00    	ld	hl,0x0000
804   0252              l_StringBuilder_AppendUint16_00105:
805   0252  DD F9       	ld	sp, ix
806   0254  DD E1       	pop	ix
807   0256  C9          	ret
808   0257              	SECTION code_compiler
809   0257              	SECTION data_compiler
810   0000              	SECTION IGNORE
811   0000              
